{"action": "NORMAL", "meta": "", "data": "P 0 0"} Received from client 0
<<<<<<< HEAD
{"action": "NORMAL", "meta": "", "data": "P 5 7"} Received from client 1
{"action": "NORMAL", "meta": "", "data": "P 1 5"} Received from client 0
{"action": "NORMAL", "meta": "", "data": "P 3 8"} Received from client 1
{"action": "NORMAL", "meta": "", "data": "P 1 4"} Received from client 0
{"action": "NORMAL", "meta": "", "data": "P 4 18"} Received from client 1
{"action": "NORMAL", "meta": "", "data": "P 5 8"} Received from client 0
{"action": "NORMAL", "meta": "", "data": "P 5 12"} Received from client 1
{"action": "NORMAL", "meta": "", "data": "P 4 5"} Received from client 0
{"action": "NORMAL", "meta": "", "data": "P 5 0"} Received from client 1
{"action": "NORMAL", "meta": "", "data": "P 2 8"} Received from client 0
{"action": "NORMAL", "meta": "", "data": "P 3 12"} Received from client 1
{"action": "NORMAL", "meta": "", "data": "S 4 5 M 4 7"} Received from client 0
{"action": "NORMAL", "meta": "", "data": "S 5 7 M 3 3"} Received from client 1
{"action": "NORMAL", "meta": "", "data": "S 4 7 M 4 4"} Received from client 0
{"action": "NORMAL", "meta": "", "data": "S 5 12 M 4 9"} Received from client 1
{"action": "NORMAL", "meta": "", "data": "S 5 8 M 4 6"} Received from client 0
{"action": "NORMAL", "meta": "", "data": "S 3 8 M 4 10"} Received from client 1
{"action": "NORMAL", "meta": "", "data": "S 4 6 M 3 4"} Received from client 0
{"action": "NORMAL", "meta": "", "data": "S 4 10 M 5 13"} Received from client 1
{"action": "NORMAL", "meta": "", "data": "S 4 4 M 5 5"} Received from client 0
{"action": "NORMAL", "meta": "", "data": "S 3 3 M 6 9"} Received from client 1
{"action": "NORMAL", "meta": "", "data": "S 0 0 M 3 6"} Received from client 0
{"action": "NORMAL", "meta": "", "data": "S 5 13 M 6 16"} Received from client 1
{"action": "NORMAL", "meta": "", "data": "S 2 8 M 6 14"} Received from client 0
{"action": "NORMAL", "meta": "", "data": "S 4 9 M 6 15"} Received from client 1
{"action": "NORMAL", "meta": "", "data": "S 5 5 M 5 1"} Received from client 0
{"action": "NORMAL", "meta": "", "data": "S 6 16 M 5 14"} Received from client 1
{"action": "NORMAL", "meta": "", "data": "S 1 4 M 5 11"} Received from client 0
{"action": "NORMAL", "meta": "", "data": "S 3 12 M 1 1"} Received from client 1
{"action": "NORMAL", "meta": "", "data": "S 3 4 M 5 6"} Received from client 0
{"action": "NORMAL", "meta": "", "data": "S 1 1 M 5 9"} Received from client 1
{"action": "NORMAL", "meta": "", "data": "S 6 14 M 2 6"} Received from client 0
{"action": "NORMAL", "meta": "", "data": "S 4 18 M 4 16"} Received from client 1
{"action": "NORMAL", "meta": "", "data": "S 5 1 M 1 2"} Received from client 0
{"action": "NORMAL", "meta": "", "data": "S 4 16 M 5 20"} Received from client 1
{"action": "NORMAL", "meta": "", "data": "S 1 5 M 2 7"} Received from client 0
{"action": "NORMAL", "meta": "", "data": "S 6 15 M 6 13"} Received from client 1
{"action": "NORMAL", "meta": "", "data": "S 3 6 M 3 5"} Received from client 0
{"action": "NORMAL", "meta": "", "data": "S 6 9 M 3 7"} Received from client 1
{"action": "NORMAL", "meta": "", "data": "S 1 2 M 4 8"} Received from client 0
{"action": "NORMAL", "meta": "", "data": "S 3 7 M 2 4"} Received from client 1
{"action": "NORMAL", "meta": "", "data": "S 5 6 M 2 3"} Received from client 0
{"action": "NORMAL", "meta": "", "data": "S 2 4 M 2 10"} Received from client 1
{"action": "NORMAL", "meta": "", "data": "S 3 5 M 4 3 RS 5 12 RE 3 3 X 2 7"} Received from client 0
{"action": "NORMAL", "meta": "", "data": "S 5 9 M 6 5"} Received from client 1
{"action": "NORMAL", "meta": "", "data": "S 2 3 M 6 7"} Received from client 0
{"action": "NORMAL", "meta": "", "data": "S 5 20 M 6 25"} Received from client 1
{"action": "NORMAL", "meta": "", "data": "S 4 8 M 4 11"} Received from client 0
{"action": "NORMAL", "meta": "", "data": "S 6 13 M 5 10"} Received from client 1
{"action": "NORMAL", "meta": "", "data": "S 5 11 M 2 5 RS 5 11 RE 4 4 X 4 3"} Received from client 0
{"action": "NORMAL", "meta": "", "data": "S 5 14 M 6 17"} Received from client 1
{"action": "NORMAL", "meta": "", "data": "S 2 6 M 1 3"} Received from client 0
{"action": "NORMAL", "meta": "", "data": "S 6 17 M 5 15"} Received from client 1
{"action": "NORMAL", "meta": "", "data": "S 2 5 M 3 5"} Received from client 0
{"action": "NORMAL", "meta": "", "data": "S 2 10 M 3 6"} Received from client 1
{"action": "NORMAL", "meta": "", "data": "S 1 3 M 1 0"} Received from client 0
{"action": "NORMAL", "meta": "", "data": "S 3 6 M 3 9"} Received from client 1
{"action": "NORMAL", "meta": "", "data": "S 1 0 M 2 0"} Received from client 0
{"action": "NORMAL", "meta": "", "data": "S 6 25 M 2 1"} Received from client 1
{"action": "NORMAL", "meta": "", "data": "S 6 7 M 5 4"} Received from client 0
{"action": "NORMAL", "meta": "", "data": "S 5 10 M 3 15"} Received from client 1
{"action": "NORMAL", "meta": "", "data": "S 3 5 M 4 6"} Received from client 0
{"action": "NORMAL", "meta": "", "data": "S 3 15 M 4 8"} Received from client 1
{"action": "NORMAL", "meta": "", "data": "S 4 6 M 6 8"} Received from client 0
{"action": "NORMAL", "meta": "", "data": "S 2 1 M 6 10"} Received from client 1
{"action": "NORMAL", "meta": "", "data": "S 2 0 M 3 0"} Received from client 0
{"action": "NORMAL", "meta": "", "data": "S 3 9 M 4 7"} Received from client 1
{"action": "NORMAL", "meta": "", "data": "S 5 4 M 3 2"} Received from client 0
{"action": "NORMAL", "meta": "", "data": "S 4 7 M 4 13"} Received from client 1
{"action": "NORMAL", "meta": "", "data": "S 3 2 M 4 5"} Received from client 0
{"action": "NORMAL", "meta": "", "data": "S 4 8 M 4 20"} Received from client 1
{"action": "NORMAL", "meta": "", "data": "S 4 11 M 3 10"} Received from client 0
{"action": "NORMAL", "meta": "", "data": "S 5 15 M 6 19"} Received from client 1
{"action": "NORMAL", "meta": "", "data": "S 3 10 M 4 14"} Received from client 0
{"action": "NORMAL", "meta": "", "data": "S 4 13 M 2 7"} Received from client 1
{"action": "NORMAL", "meta": "", "data": "S 3 0 M 4 12"} Received from client 0
{"action": "NORMAL", "meta": "", "data": "S 2 7 M 2 11"} Received from client 1
{"action": "NORMAL", "meta": "", "data": "S 4 5 M 3 11"} Received from client 0
{"action": "NORMAL", "meta": "", "data": "S 2 11 M 6 11"} Received from client 1
{"action": "NORMAL", "meta": "", "data": "S 4 12 M 5 16"} Received from client 0
{"action": "NORMAL", "meta": "", "data": "S 6 11 M 3 16"} Received from client 1
{"action": "NORMAL", "meta": "", "data": "S 3 11 M 2 9"} Received from client 0
{"action": "NORMAL", "meta": "", "data": "S 6 19 M 6 20"} Received from client 1
{"action": "FINISH", "meta": "Player 1 SCORE : 10.024 : Player 2 SCORE : 0.031", "data": "S 2 9 M 4 3 RS 2 10 RE 3 6 X 6 8"} Received from client 0
=======
{"action": "NORMAL", "meta": "", "data": "P 2 1"} Received from client 1
{"action": "NORMAL", "meta": "", "data": "P 1 5"} Received from client 0
{"action": "NORMAL", "meta": "", "data": "P 1 2"} Received from client 1
{"action": "NORMAL", "meta": "", "data": "P 1 0"} Received from client 0
{"action": "NORMAL", "meta": "", "data": "P 2 7"} Received from client 1
{"action": "NORMAL", "meta": "", "data": "P 5 26"} Received from client 0
{"action": "NORMAL", "meta": "", "data": "P 5 27"} Received from client 1
{"action": "NORMAL", "meta": "", "data": "P 4 23"} Received from client 0
{"action": "NORMAL", "meta": "", "data": "P 4 21"} Received from client 1
{"action": "NORMAL", "meta": "", "data": "S 1 0 M 2 3"} Received from client 0
{"action": "NORMAL", "meta": "", "data": "S 4 21 M 2 11"} Received from client 1
{"action": "NORMAL", "meta": "", "data": "S 0 0 M 4 16"} Received from client 0
{"action": "NORMAL", "meta": "", "data": "S 2 7 M 5 16"} Received from client 1
{"action": "NORMAL", "meta": "", "data": "S 5 26 M 4 20"} Received from client 0
{"action": "NORMAL", "meta": "", "data": "S 5 16 M 4 12"} Received from client 1
{"action": "NORMAL", "meta": "", "data": "S 1 5 M 1 4"} Received from client 0
{"action": "NORMAL", "meta": "", "data": "S 5 27 M 3 15"} Received from client 1
{"action": "NORMAL", "meta": "", "data": "S 2 3 M 3 7"} Received from client 0
{"action": "NORMAL", "meta": "", "data": "S 2 11 M 1 1"} Received from client 1
{"action": "NORMAL", "meta": "", "data": "S 3 7 M 2 4"} Received from client 0
{"action": "NORMAL", "meta": "", "data": "S 1 1 M 2 2"} Received from client 1
{"action": "NORMAL", "meta": "", "data": "S 2 4 M 2 5"} Received from client 0
{"action": "NORMAL", "meta": "", "data": "S 2 2 M 5 2"} Received from client 1
{"action": "NORMAL", "meta": "", "data": "S 2 5 M 3 5"} Received from client 0
{"action": "NORMAL", "meta": "", "data": "S 3 15 M 2 10"} Received from client 1
{"action": "NORMAL", "meta": "", "data": "S 1 4 M 1 3"} Received from client 0
{"action": "NORMAL", "meta": "", "data": "S 2 10 M 3 16"} Received from client 1
{"action": "NORMAL", "meta": "", "data": "S 1 3 M 2 0"} Received from client 0
{"action": "NORMAL", "meta": "", "data": "S 2 1 M 2 9"} Received from client 1
{"action": "NORMAL", "meta": "", "data": "S 4 16 M 3 3"} Received from client 0
{"action": "NORMAL", "meta": "", "data": "S 4 12 M 3 9"} Received from client 1
{"action": "NORMAL", "meta": "", "data": "S 2 0 M 5 3"} Received from client 0
{"action": "NORMAL", "meta": "", "data": "S 3 9 M 3 10"} Received from client 1
{"action": "NORMAL", "meta": "", "data": "S 5 3 M 3 14"} Received from client 0
{"action": "NORMAL", "meta": "", "data": "S 5 2 M 5 4"} Received from client 1
{"action": "NORMAL", "meta": "", "data": "S 3 3 M 4 4"} Received from client 0
{"action": "NORMAL", "meta": "", "data": "S 1 2 M 3 1"} Received from client 1
{"action": "NORMAL", "meta": "", "data": "S 3 5 M 2 6"} Received from client 0
{"action": "NORMAL", "meta": "", "data": "S 5 4 M 3 2"} Received from client 1
{"action": "NORMAL", "meta": "", "data": "S 4 20 M 3 6"} Received from client 0
{"action": "NORMAL", "meta": "", "data": "S 2 9 M 2 8"} Received from client 1
{"action": "NORMAL", "meta": "", "data": "S 4 23 M 3 17"} Received from client 0
{"action": "FINISH", "meta": "TIMEOUT BY PLAYER 2 : Player 2 SCORE : 0.017 : Player 1 SCORE : 10.016", "data": ""} Received from client 1
>>>>>>> 4f736bf6251fa3949456e9fc761f366ddb019b56
